<?xml version="1.0" encoding="UTF-8"?>
<testng-results skipped="0" failed="1" ignored="0" total="11" passed="10">
  <reporter-output>
    <line>
      <![CDATA[=====Application Started ========]]>
    </line>
  </reporter-output>
  <suite name="Default suite" duration-ms="5590" started-at="2020-01-24T08:40:53Z" finished-at="2020-01-24T08:40:59Z">
    <groups>
      <group name="Regression">
        <method signature="LoginPageTest.Login(java.lang.String, java.lang.String, java.lang.String, java.lang.String, java.lang.String)[pri:9, instance:com.jbk.owp.test.LoginPageTest@79079097]" name="Login" class="com.jbk.owp.test.LoginPageTest"/>
        <method signature="LoginPageTest.verifyApplicationTitle()[pri:2, instance:com.jbk.owp.test.LoginPageTest@79079097]" name="verifyApplicationTitle" class="com.jbk.owp.test.LoginPageTest"/>
        <method signature="LoginPageTest.verifyButtoncolor()[pri:7, instance:com.jbk.owp.test.LoginPageTest@79079097]" name="verifyButtoncolor" class="com.jbk.owp.test.LoginPageTest"/>
        <method signature="LoginPageTest.verifyLinks()[pri:8, instance:com.jbk.owp.test.LoginPageTest@79079097]" name="verifyLinks" class="com.jbk.owp.test.LoginPageTest"/>
        <method signature="LoginPageTest.verifyPlaceHolderPassword()[pri:6, instance:com.jbk.owp.test.LoginPageTest@79079097]" name="verifyPlaceHolderPassword" class="com.jbk.owp.test.LoginPageTest"/>
        <method signature="LoginPageTest.verifyPlaceHolderUsername()[pri:5, instance:com.jbk.owp.test.LoginPageTest@79079097]" name="verifyPlaceHolderUsername" class="com.jbk.owp.test.LoginPageTest"/>
        <method signature="LoginPageTest.verifyTitle()[pri:3, instance:com.jbk.owp.test.LoginPageTest@79079097]" name="verifyTitle" class="com.jbk.owp.test.LoginPageTest"/>
        <method signature="LoginPageTest.verify_Current_Url()[pri:1, instance:com.jbk.owp.test.LoginPageTest@79079097]" name="verify_Current_Url" class="com.jbk.owp.test.LoginPageTest"/>
        <method signature="LoginPageTest.verifyloginsesion()[pri:4, instance:com.jbk.owp.test.LoginPageTest@79079097]" name="verifyloginsesion" class="com.jbk.owp.test.LoginPageTest"/>
      </group> <!-- Regression -->
    </groups>
    <test name="Default test" duration-ms="5590" started-at="2020-01-24T08:40:53Z" finished-at="2020-01-24T08:40:59Z">
      <class name="com.jbk.owp.test.LoginPageTest">
        <test-method status="PASS" signature="Setup()[pri:0, instance:com.jbk.owp.test.LoginPageTest@79079097]" name="Setup" is-config="true" duration-ms="15590" started-at="2020-01-24T08:40:37Z" finished-at="2020-01-24T08:40:53Z">
          <reporter-output>
            <line>
              <![CDATA[=====Application Started ========]]>
            </line>
          </reporter-output>
        </test-method> <!-- Setup -->
        <test-method status="PASS" signature="setupTest()[pri:0, instance:com.jbk.owp.test.LoginPageTest@79079097]" name="setupTest" is-config="true" duration-ms="61" started-at="2020-01-24T08:40:53Z" finished-at="2020-01-24T08:40:53Z">
          <reporter-output>
          </reporter-output>
        </test-method> <!-- setupTest -->
        <test-method status="PASS" signature="verify_Current_Url()[pri:1, instance:com.jbk.owp.test.LoginPageTest@79079097]" name="verify_Current_Url" duration-ms="40" started-at="2020-01-24T08:40:53Z" finished-at="2020-01-24T08:40:53Z">
          <reporter-output>
          </reporter-output>
        </test-method> <!-- verify_Current_Url -->
        <test-method status="PASS" signature="getResult(org.testng.ITestResult)[pri:0, instance:com.jbk.owp.test.LoginPageTest@79079097]" name="getResult" is-config="true" duration-ms="881" started-at="2020-01-24T08:40:53Z" finished-at="2020-01-24T08:40:54Z">
          <params>
            <param index="0">
              <value>
                <![CDATA[[TestResult name=verify_Current_Url status=SUCCESS method=LoginPageTest.verify_Current_Url()[pri:1, instance:com.jbk.owp.test.LoginPageTest@79079097] output={null}]]]>
              </value>
            </param>
          </params>
          <reporter-output>
          </reporter-output>
        </test-method> <!-- getResult -->
        <test-method status="PASS" signature="setupTest()[pri:0, instance:com.jbk.owp.test.LoginPageTest@79079097]" name="setupTest" is-config="true" duration-ms="2" started-at="2020-01-24T08:40:54Z" finished-at="2020-01-24T08:40:54Z">
          <reporter-output>
          </reporter-output>
        </test-method> <!-- setupTest -->
        <test-method status="PASS" signature="verifyApplicationTitle()[pri:2, instance:com.jbk.owp.test.LoginPageTest@79079097]" name="verifyApplicationTitle" duration-ms="19" started-at="2020-01-24T08:40:54Z" finished-at="2020-01-24T08:40:54Z">
          <reporter-output>
          </reporter-output>
        </test-method> <!-- verifyApplicationTitle -->
        <test-method status="PASS" signature="getResult(org.testng.ITestResult)[pri:0, instance:com.jbk.owp.test.LoginPageTest@79079097]" name="getResult" is-config="true" duration-ms="91" started-at="2020-01-24T08:40:54Z" finished-at="2020-01-24T08:40:54Z">
          <params>
            <param index="0">
              <value>
                <![CDATA[[TestResult name=verifyApplicationTitle status=SUCCESS method=LoginPageTest.verifyApplicationTitle()[pri:2, instance:com.jbk.owp.test.LoginPageTest@79079097] output={null}]]]>
              </value>
            </param>
          </params>
          <reporter-output>
          </reporter-output>
        </test-method> <!-- getResult -->
        <test-method status="FAIL" signature="verifyTitle()[pri:3, instance:com.jbk.owp.test.LoginPageTest@79079097]" name="verifyTitle" duration-ms="24" started-at="2020-01-24T08:40:54Z" finished-at="2020-01-24T08:40:54Z">
          <exception class="java.lang.AssertionError">
            <message>
              <![CDATA[expected [Java By subhash] but found [Java By Kiran]]]>
            </message>
            <full-stacktrace>
              <![CDATA[java.lang.AssertionError: expected [Java By subhash] but found [Java By Kiran]
at org.testng.Assert.fail(Assert.java:96)
at org.testng.Assert.failNotEquals(Assert.java:776)
at org.testng.Assert.assertEqualsImpl(Assert.java:137)
at org.testng.Assert.assertEquals(Assert.java:118)
at org.testng.Assert.assertEquals(Assert.java:453)
at org.testng.Assert.assertEquals(Assert.java:463)
at com.jbk.owp.test.LoginPageTest.verifyTitle(LoginPageTest.java:45)
at sun.reflect.NativeMethodAccessorImpl.invoke0(Native Method)
at sun.reflect.NativeMethodAccessorImpl.invoke(NativeMethodAccessorImpl.java:62)
at sun.reflect.DelegatingMethodAccessorImpl.invoke(DelegatingMethodAccessorImpl.java:43)
at java.lang.reflect.Method.invoke(Method.java:498)
at org.testng.internal.MethodInvocationHelper.invokeMethod(MethodInvocationHelper.java:124)
at org.testng.internal.Invoker.invokeMethod(Invoker.java:583)
at org.testng.internal.Invoker.invokeTestMethod(Invoker.java:719)
at org.testng.internal.Invoker.invokeTestMethods(Invoker.java:989)
at org.testng.internal.TestMethodWorker.invokeTestMethods(TestMethodWorker.java:125)
at org.testng.internal.TestMethodWorker.run(TestMethodWorker.java:109)
at org.testng.TestRunner.privateRun(TestRunner.java:648)
at org.testng.TestRunner.run(TestRunner.java:505)
at org.testng.SuiteRunner.runTest(SuiteRunner.java:455)
at org.testng.SuiteRunner.runSequentially(SuiteRunner.java:450)
at org.testng.SuiteRunner.privateRun(SuiteRunner.java:415)
at org.testng.SuiteRunner.run(SuiteRunner.java:364)
at org.testng.SuiteRunnerWorker.runSuite(SuiteRunnerWorker.java:52)
at org.testng.SuiteRunnerWorker.run(SuiteRunnerWorker.java:84)
at org.testng.TestNG.runSuitesSequentially(TestNG.java:1208)
at org.testng.TestNG.runSuitesLocally(TestNG.java:1137)
at org.testng.TestNG.runSuites(TestNG.java:1049)
at org.testng.TestNG.run(TestNG.java:1017)
at org.testng.remote.AbstractRemoteTestNG.run(AbstractRemoteTestNG.java:132)
at org.testng.remote.RemoteTestNG.initAndRun(RemoteTestNG.java:236)
at org.testng.remote.RemoteTestNG.main(RemoteTestNG.java:81)
]]>
            </full-stacktrace>
          </exception> <!-- java.lang.AssertionError -->
          <reporter-output>
          </reporter-output>
        </test-method> <!-- verifyTitle -->
        <test-method status="PASS" signature="setupTest()[pri:0, instance:com.jbk.owp.test.LoginPageTest@79079097]" name="setupTest" is-config="true" duration-ms="0" started-at="2020-01-24T08:40:54Z" finished-at="2020-01-24T08:40:54Z">
          <reporter-output>
          </reporter-output>
        </test-method> <!-- setupTest -->
        <test-method status="PASS" signature="getResult(org.testng.ITestResult)[pri:0, instance:com.jbk.owp.test.LoginPageTest@79079097]" name="getResult" is-config="true" duration-ms="228" started-at="2020-01-24T08:40:54Z" finished-at="2020-01-24T08:40:54Z">
          <params>
            <param index="0">
              <value>
                <![CDATA[[TestResult name=verifyTitle status=FAILURE method=LoginPageTest.verifyTitle()[pri:3, instance:com.jbk.owp.test.LoginPageTest@79079097] output={null}]]]>
              </value>
            </param>
          </params>
          <reporter-output>
          </reporter-output>
        </test-method> <!-- getResult -->
        <test-method status="PASS" signature="setupTest()[pri:0, instance:com.jbk.owp.test.LoginPageTest@79079097]" name="setupTest" is-config="true" duration-ms="1" started-at="2020-01-24T08:40:54Z" finished-at="2020-01-24T08:40:54Z">
          <reporter-output>
          </reporter-output>
        </test-method> <!-- setupTest -->
        <test-method status="PASS" signature="verifyloginsesion()[pri:4, instance:com.jbk.owp.test.LoginPageTest@79079097]" name="verifyloginsesion" duration-ms="28" started-at="2020-01-24T08:40:54Z" finished-at="2020-01-24T08:40:54Z">
          <reporter-output>
          </reporter-output>
        </test-method> <!-- verifyloginsesion -->
        <test-method status="PASS" signature="getResult(org.testng.ITestResult)[pri:0, instance:com.jbk.owp.test.LoginPageTest@79079097]" name="getResult" is-config="true" duration-ms="82" started-at="2020-01-24T08:40:54Z" finished-at="2020-01-24T08:40:54Z">
          <params>
            <param index="0">
              <value>
                <![CDATA[[TestResult name=verifyloginsesion status=SUCCESS method=LoginPageTest.verifyloginsesion()[pri:4, instance:com.jbk.owp.test.LoginPageTest@79079097] output={null}]]]>
              </value>
            </param>
          </params>
          <reporter-output>
          </reporter-output>
        </test-method> <!-- getResult -->
        <test-method status="PASS" signature="setupTest()[pri:0, instance:com.jbk.owp.test.LoginPageTest@79079097]" name="setupTest" is-config="true" duration-ms="2" started-at="2020-01-24T08:40:54Z" finished-at="2020-01-24T08:40:54Z">
          <reporter-output>
          </reporter-output>
        </test-method> <!-- setupTest -->
        <test-method status="PASS" signature="verifyPlaceHolderUsername()[pri:5, instance:com.jbk.owp.test.LoginPageTest@79079097]" name="verifyPlaceHolderUsername" duration-ms="36" started-at="2020-01-24T08:40:54Z" finished-at="2020-01-24T08:40:55Z">
          <reporter-output>
          </reporter-output>
        </test-method> <!-- verifyPlaceHolderUsername -->
        <test-method status="PASS" signature="getResult(org.testng.ITestResult)[pri:0, instance:com.jbk.owp.test.LoginPageTest@79079097]" name="getResult" is-config="true" duration-ms="106" started-at="2020-01-24T08:40:55Z" finished-at="2020-01-24T08:40:55Z">
          <params>
            <param index="0">
              <value>
                <![CDATA[[TestResult name=verifyPlaceHolderUsername status=SUCCESS method=LoginPageTest.verifyPlaceHolderUsername()[pri:5, instance:com.jbk.owp.test.LoginPageTest@79079097] output={null}]]]>
              </value>
            </param>
          </params>
          <reporter-output>
          </reporter-output>
        </test-method> <!-- getResult -->
        <test-method status="PASS" signature="setupTest()[pri:0, instance:com.jbk.owp.test.LoginPageTest@79079097]" name="setupTest" is-config="true" duration-ms="1" started-at="2020-01-24T08:40:55Z" finished-at="2020-01-24T08:40:55Z">
          <reporter-output>
          </reporter-output>
        </test-method> <!-- setupTest -->
        <test-method status="PASS" signature="verifyPlaceHolderPassword()[pri:6, instance:com.jbk.owp.test.LoginPageTest@79079097]" name="verifyPlaceHolderPassword" duration-ms="32" started-at="2020-01-24T08:40:55Z" finished-at="2020-01-24T08:40:55Z">
          <reporter-output>
          </reporter-output>
        </test-method> <!-- verifyPlaceHolderPassword -->
        <test-method status="PASS" signature="getResult(org.testng.ITestResult)[pri:0, instance:com.jbk.owp.test.LoginPageTest@79079097]" name="getResult" is-config="true" duration-ms="73" started-at="2020-01-24T08:40:55Z" finished-at="2020-01-24T08:40:55Z">
          <params>
            <param index="0">
              <value>
                <![CDATA[[TestResult name=verifyPlaceHolderPassword status=SUCCESS method=LoginPageTest.verifyPlaceHolderPassword()[pri:6, instance:com.jbk.owp.test.LoginPageTest@79079097] output={null}]]]>
              </value>
            </param>
          </params>
          <reporter-output>
          </reporter-output>
        </test-method> <!-- getResult -->
        <test-method status="PASS" signature="setupTest()[pri:0, instance:com.jbk.owp.test.LoginPageTest@79079097]" name="setupTest" is-config="true" duration-ms="0" started-at="2020-01-24T08:40:55Z" finished-at="2020-01-24T08:40:55Z">
          <reporter-output>
          </reporter-output>
        </test-method> <!-- setupTest -->
        <test-method status="PASS" signature="verifyButtoncolor()[pri:7, instance:com.jbk.owp.test.LoginPageTest@79079097]" name="verifyButtoncolor" duration-ms="168" started-at="2020-01-24T08:40:55Z" finished-at="2020-01-24T08:40:55Z">
          <reporter-output>
          </reporter-output>
        </test-method> <!-- verifyButtoncolor -->
        <test-method status="PASS" signature="getResult(org.testng.ITestResult)[pri:0, instance:com.jbk.owp.test.LoginPageTest@79079097]" name="getResult" is-config="true" duration-ms="73" started-at="2020-01-24T08:40:55Z" finished-at="2020-01-24T08:40:55Z">
          <params>
            <param index="0">
              <value>
                <![CDATA[[TestResult name=verifyButtoncolor status=SUCCESS method=LoginPageTest.verifyButtoncolor()[pri:7, instance:com.jbk.owp.test.LoginPageTest@79079097] output={null}]]]>
              </value>
            </param>
          </params>
          <reporter-output>
          </reporter-output>
        </test-method> <!-- getResult -->
        <test-method status="PASS" signature="setupTest()[pri:0, instance:com.jbk.owp.test.LoginPageTest@79079097]" name="setupTest" is-config="true" duration-ms="0" started-at="2020-01-24T08:40:55Z" finished-at="2020-01-24T08:40:55Z">
          <reporter-output>
          </reporter-output>
        </test-method> <!-- setupTest -->
        <test-method status="PASS" signature="verifyLinks()[pri:8, instance:com.jbk.owp.test.LoginPageTest@79079097]" name="verifyLinks" duration-ms="30" started-at="2020-01-24T08:40:55Z" finished-at="2020-01-24T08:40:55Z">
          <reporter-output>
          </reporter-output>
        </test-method> <!-- verifyLinks -->
        <test-method status="PASS" signature="getResult(org.testng.ITestResult)[pri:0, instance:com.jbk.owp.test.LoginPageTest@79079097]" name="getResult" is-config="true" duration-ms="100" started-at="2020-01-24T08:40:55Z" finished-at="2020-01-24T08:40:55Z">
          <params>
            <param index="0">
              <value>
                <![CDATA[[TestResult name=verifyLinks status=SUCCESS method=LoginPageTest.verifyLinks()[pri:8, instance:com.jbk.owp.test.LoginPageTest@79079097] output={null}]]]>
              </value>
            </param>
          </params>
          <reporter-output>
          </reporter-output>
        </test-method> <!-- getResult -->
        <test-method status="PASS" signature="setupTest()[pri:0, instance:com.jbk.owp.test.LoginPageTest@79079097]" name="setupTest" is-config="true" duration-ms="1" started-at="2020-01-24T08:40:56Z" finished-at="2020-01-24T08:40:56Z">
          <reporter-output>
          </reporter-output>
        </test-method> <!-- setupTest -->
        <test-method status="PASS" signature="Login(java.lang.String, java.lang.String, java.lang.String, java.lang.String, java.lang.String)[pri:9, instance:com.jbk.owp.test.LoginPageTest@79079097]" name="Login" duration-ms="355" started-at="2020-01-24T08:40:56Z" data-provider="d_login" finished-at="2020-01-24T08:40:56Z">
          <params>
            <param index="0">
              <value>
                <![CDATA[TCJBK01]]>
              </value>
            </param>
            <param index="1">
              <value>
                <![CDATA[BlankInfo]]>
              </value>
            </param>
            <param index="2">
              <value>
                <![CDATA[]]>
              </value>
            </param>
            <param index="3">
              <value>
                <![CDATA[]]>
              </value>
            </param>
            <param index="4">
              <value>
                <![CDATA[Please enter email.]]>
              </value>
            </param>
          </params>
          <reporter-output>
          </reporter-output>
        </test-method> <!-- Login -->
        <test-method status="PASS" signature="getResult(org.testng.ITestResult)[pri:0, instance:com.jbk.owp.test.LoginPageTest@79079097]" name="getResult" is-config="true" duration-ms="72" started-at="2020-01-24T08:40:56Z" finished-at="2020-01-24T08:40:56Z">
          <params>
            <param index="0">
              <value>
                <![CDATA[[TestResult name=Login status=SUCCESS method=LoginPageTest.Login(java.lang.String, java.lang.String, java.lang.String, java.lang.String, java.lang.String)[pri:9, instance:com.jbk.owp.test.LoginPageTest@79079097] output={null}]]]>
              </value>
            </param>
          </params>
          <reporter-output>
          </reporter-output>
        </test-method> <!-- getResult -->
        <test-method status="PASS" signature="setupTest()[pri:0, instance:com.jbk.owp.test.LoginPageTest@79079097]" name="setupTest" is-config="true" duration-ms="1" started-at="2020-01-24T08:40:56Z" finished-at="2020-01-24T08:40:56Z">
          <reporter-output>
          </reporter-output>
        </test-method> <!-- setupTest -->
        <test-method status="PASS" signature="Login(java.lang.String, java.lang.String, java.lang.String, java.lang.String, java.lang.String)[pri:9, instance:com.jbk.owp.test.LoginPageTest@79079097]" name="Login" duration-ms="472" started-at="2020-01-24T08:40:56Z" data-provider="d_login" finished-at="2020-01-24T08:40:57Z">
          <params>
            <param index="0">
              <value>
                <![CDATA[TCJBK02]]>
              </value>
            </param>
            <param index="1">
              <value>
                <![CDATA[InvalidInfo]]>
              </value>
            </param>
            <param index="2">
              <value>
                <![CDATA[abc]]>
              </value>
            </param>
            <param index="3">
              <value>
                <![CDATA[123]]>
              </value>
            </param>
            <param index="4">
              <value>
                <![CDATA[Please enter email as kiran@gmail.com]]>
              </value>
            </param>
          </params>
          <reporter-output>
          </reporter-output>
        </test-method> <!-- Login -->
        <test-method status="PASS" signature="getResult(org.testng.ITestResult)[pri:0, instance:com.jbk.owp.test.LoginPageTest@79079097]" name="getResult" is-config="true" duration-ms="104" started-at="2020-01-24T08:40:57Z" finished-at="2020-01-24T08:40:57Z">
          <params>
            <param index="0">
              <value>
                <![CDATA[[TestResult name=Login status=SUCCESS method=LoginPageTest.Login(java.lang.String, java.lang.String, java.lang.String, java.lang.String, java.lang.String)[pri:9, instance:com.jbk.owp.test.LoginPageTest@79079097] output={null}]]]>
              </value>
            </param>
          </params>
          <reporter-output>
          </reporter-output>
        </test-method> <!-- getResult -->
        <test-method status="PASS" signature="setupTest()[pri:0, instance:com.jbk.owp.test.LoginPageTest@79079097]" name="setupTest" is-config="true" duration-ms="0" started-at="2020-01-24T08:40:57Z" finished-at="2020-01-24T08:40:57Z">
          <reporter-output>
          </reporter-output>
        </test-method> <!-- setupTest -->
        <test-method status="PASS" signature="Login(java.lang.String, java.lang.String, java.lang.String, java.lang.String, java.lang.String)[pri:9, instance:com.jbk.owp.test.LoginPageTest@79079097]" name="Login" duration-ms="1623" started-at="2020-01-24T08:40:57Z" data-provider="d_login" finished-at="2020-01-24T08:40:58Z">
          <params>
            <param index="0">
              <value>
                <![CDATA[TCJBK03]]>
              </value>
            </param>
            <param index="1">
              <value>
                <![CDATA[ValidInfo]]>
              </value>
            </param>
            <param index="2">
              <value>
                <![CDATA[kiran@gmail.com]]>
              </value>
            </param>
            <param index="3">
              <value>
                <![CDATA[123456]]>
              </value>
            </param>
            <param index="4">
              <value>
                <![CDATA[Dashboard Courses Offered]]>
              </value>
            </param>
          </params>
          <reporter-output>
          </reporter-output>
        </test-method> <!-- Login -->
        <test-method status="PASS" signature="getResult(org.testng.ITestResult)[pri:0, instance:com.jbk.owp.test.LoginPageTest@79079097]" name="getResult" is-config="true" duration-ms="84" started-at="2020-01-24T08:40:58Z" finished-at="2020-01-24T08:40:59Z">
          <params>
            <param index="0">
              <value>
                <![CDATA[[TestResult name=Login status=SUCCESS method=LoginPageTest.Login(java.lang.String, java.lang.String, java.lang.String, java.lang.String, java.lang.String)[pri:9, instance:com.jbk.owp.test.LoginPageTest@79079097] output={null}]]]>
              </value>
            </param>
          </params>
          <reporter-output>
          </reporter-output>
        </test-method> <!-- getResult -->
        <test-method status="PASS" signature="CloseApplication()[pri:0, instance:com.jbk.owp.test.LoginPageTest@79079097]" name="CloseApplication" is-config="true" duration-ms="11690" started-at="2020-01-24T08:40:59Z" finished-at="2020-01-24T08:41:10Z">
          <reporter-output>
          </reporter-output>
        </test-method> <!-- CloseApplication -->
      </class> <!-- com.jbk.owp.test.LoginPageTest -->
    </test> <!-- Default test -->
  </suite> <!-- Default suite -->
</testng-results>
