<?xml version="1.0" encoding="UTF-8"?>
<testng-results skipped="0" failed="1" ignored="4" total="18" passed="13">
  <reporter-output>
    <line>
      <![CDATA[=====Application Started ========]]>
    </line>
  </reporter-output>
  <suite name="Regression" duration-ms="10309" started-at="2020-01-26T03:58:14Z" finished-at="2020-01-26T03:58:24Z">
    <groups>
      <group name="Regression">
        <method signature="LoginPageTest.Login(java.lang.String, java.lang.String, java.lang.String, java.lang.String, java.lang.String)[pri:9, instance:com.jbk.owp.test.LoginPageTest@4b2bac3f]" name="Login" class="com.jbk.owp.test.LoginPageTest"/>
        <method signature="LoginPageTest.verifyApplicationTitle()[pri:2, instance:com.jbk.owp.test.LoginPageTest@4b2bac3f]" name="verifyApplicationTitle" class="com.jbk.owp.test.LoginPageTest"/>
        <method signature="LoginPageTest.verifyButtoncolor()[pri:7, instance:com.jbk.owp.test.LoginPageTest@4b2bac3f]" name="verifyButtoncolor" class="com.jbk.owp.test.LoginPageTest"/>
        <method signature="LoginPageTest.verifyLinks()[pri:8, instance:com.jbk.owp.test.LoginPageTest@4b2bac3f]" name="verifyLinks" class="com.jbk.owp.test.LoginPageTest"/>
        <method signature="LoginPageTest.verifyPlaceHolderPassword()[pri:6, instance:com.jbk.owp.test.LoginPageTest@4b2bac3f]" name="verifyPlaceHolderPassword" class="com.jbk.owp.test.LoginPageTest"/>
        <method signature="LoginPageTest.verifyPlaceHolderUsername()[pri:5, instance:com.jbk.owp.test.LoginPageTest@4b2bac3f]" name="verifyPlaceHolderUsername" class="com.jbk.owp.test.LoginPageTest"/>
        <method signature="LoginPageTest.verifyTitle()[pri:3, instance:com.jbk.owp.test.LoginPageTest@4b2bac3f]" name="verifyTitle" class="com.jbk.owp.test.LoginPageTest"/>
        <method signature="LoginPageTest.verify_Current_Url()[pri:1, instance:com.jbk.owp.test.LoginPageTest@4b2bac3f]" name="verify_Current_Url" class="com.jbk.owp.test.LoginPageTest"/>
        <method signature="LoginPageTest.verifyloginsesion()[pri:4, instance:com.jbk.owp.test.LoginPageTest@4b2bac3f]" name="verifyloginsesion" class="com.jbk.owp.test.LoginPageTest"/>
      </group> <!-- Regression -->
    </groups>
    <test name="Default test" duration-ms="10309" started-at="2020-01-26T03:58:14Z" finished-at="2020-01-26T03:58:24Z">
      <class name="com.jbk.owp.test.LoginPageTest">
        <test-method status="PASS" signature="setupTest()[pri:0, instance:com.jbk.owp.test.LoginPageTest@4b2bac3f]" name="setupTest" is-config="true" duration-ms="29" started-at="2020-01-26T03:58:14Z" finished-at="2020-01-26T03:58:14Z">
          <reporter-output>
          </reporter-output>
        </test-method> <!-- setupTest -->
        <test-method status="PASS" signature="verify_Current_Url()[pri:1, instance:com.jbk.owp.test.LoginPageTest@4b2bac3f]" name="verify_Current_Url" duration-ms="16" started-at="2020-01-26T03:58:14Z" finished-at="2020-01-26T03:58:14Z">
          <reporter-output>
          </reporter-output>
        </test-method> <!-- verify_Current_Url -->
        <test-method status="PASS" signature="getResult(org.testng.ITestResult)[pri:0, instance:com.jbk.owp.test.LoginPageTest@4b2bac3f]" name="getResult" is-config="true" duration-ms="2" started-at="2020-01-26T03:58:14Z" finished-at="2020-01-26T03:58:14Z">
          <params>
            <param index="0">
              <value>
                <![CDATA[[TestResult name=verify_Current_Url status=SUCCESS method=LoginPageTest.verify_Current_Url()[pri:1, instance:com.jbk.owp.test.LoginPageTest@4b2bac3f] output={null}]]]>
              </value>
            </param>
          </params>
          <reporter-output>
          </reporter-output>
        </test-method> <!-- getResult -->
        <test-method status="PASS" signature="setupTest()[pri:0, instance:com.jbk.owp.test.LoginPageTest@4b2bac3f]" name="setupTest" is-config="true" duration-ms="2" started-at="2020-01-26T03:58:14Z" finished-at="2020-01-26T03:58:14Z">
          <reporter-output>
          </reporter-output>
        </test-method> <!-- setupTest -->
        <test-method status="PASS" signature="verifyApplicationTitle()[pri:2, instance:com.jbk.owp.test.LoginPageTest@4b2bac3f]" name="verifyApplicationTitle" duration-ms="7" started-at="2020-01-26T03:58:14Z" finished-at="2020-01-26T03:58:14Z">
          <reporter-output>
          </reporter-output>
        </test-method> <!-- verifyApplicationTitle -->
        <test-method status="PASS" signature="getResult(org.testng.ITestResult)[pri:0, instance:com.jbk.owp.test.LoginPageTest@4b2bac3f]" name="getResult" is-config="true" duration-ms="0" started-at="2020-01-26T03:58:14Z" finished-at="2020-01-26T03:58:14Z">
          <params>
            <param index="0">
              <value>
                <![CDATA[[TestResult name=verifyApplicationTitle status=SUCCESS method=LoginPageTest.verifyApplicationTitle()[pri:2, instance:com.jbk.owp.test.LoginPageTest@4b2bac3f] output={null}]]]>
              </value>
            </param>
          </params>
          <reporter-output>
          </reporter-output>
        </test-method> <!-- getResult -->
        <test-method status="PASS" signature="setupTest()[pri:0, instance:com.jbk.owp.test.LoginPageTest@4b2bac3f]" name="setupTest" is-config="true" duration-ms="1" started-at="2020-01-26T03:58:14Z" finished-at="2020-01-26T03:58:14Z">
          <reporter-output>
          </reporter-output>
        </test-method> <!-- setupTest -->
        <test-method status="FAIL" signature="verifyTitle()[pri:3, instance:com.jbk.owp.test.LoginPageTest@4b2bac3f]" name="verifyTitle" duration-ms="22" started-at="2020-01-26T03:58:14Z" finished-at="2020-01-26T03:58:14Z">
          <exception class="java.lang.AssertionError">
            <message>
              <![CDATA[expected:<Java By Kiran> but was:<Java By subhash>]]>
            </message>
            <full-stacktrace>
              <![CDATA[java.lang.AssertionError: expected:<Java By Kiran> but was:<Java By subhash>
at org.testng.AssertJUnit.assertEquals(AssertJUnit.java:101)
at org.testng.AssertJUnit.assertEquals(AssertJUnit.java:108)
at com.jbk.owp.test.LoginPageTest.verifyTitle(LoginPageTest.java:46)
at sun.reflect.NativeMethodAccessorImpl.invoke0(Native Method)
at sun.reflect.NativeMethodAccessorImpl.invoke(NativeMethodAccessorImpl.java:62)
at sun.reflect.DelegatingMethodAccessorImpl.invoke(DelegatingMethodAccessorImpl.java:43)
at java.lang.reflect.Method.invoke(Method.java:498)
at org.testng.internal.MethodInvocationHelper.invokeMethod(MethodInvocationHelper.java:124)
at org.testng.internal.Invoker.invokeMethod(Invoker.java:583)
at org.testng.internal.Invoker.invokeTestMethod(Invoker.java:719)
at org.testng.internal.Invoker.invokeTestMethods(Invoker.java:989)
at org.testng.internal.TestMethodWorker.invokeTestMethods(TestMethodWorker.java:125)
at org.testng.internal.TestMethodWorker.run(TestMethodWorker.java:109)
at org.testng.TestRunner.privateRun(TestRunner.java:648)
at org.testng.TestRunner.run(TestRunner.java:505)
at org.testng.SuiteRunner.runTest(SuiteRunner.java:455)
at org.testng.SuiteRunner.runSequentially(SuiteRunner.java:450)
at org.testng.SuiteRunner.privateRun(SuiteRunner.java:415)
at org.testng.SuiteRunner.run(SuiteRunner.java:364)
at org.testng.SuiteRunnerWorker.runSuite(SuiteRunnerWorker.java:52)
at org.testng.SuiteRunnerWorker.run(SuiteRunnerWorker.java:84)
at org.testng.TestNG.runSuitesSequentially(TestNG.java:1208)
at org.testng.TestNG.runSuitesLocally(TestNG.java:1137)
at org.testng.TestNG.runSuites(TestNG.java:1049)
at org.testng.TestNG.run(TestNG.java:1017)
at org.testng.remote.AbstractRemoteTestNG.run(AbstractRemoteTestNG.java:132)
at org.testng.remote.RemoteTestNG.initAndRun(RemoteTestNG.java:236)
at org.testng.remote.RemoteTestNG.main(RemoteTestNG.java:81)
]]>
            </full-stacktrace>
          </exception> <!-- java.lang.AssertionError -->
          <reporter-output>
          </reporter-output>
        </test-method> <!-- verifyTitle -->
        <test-method status="PASS" signature="getResult(org.testng.ITestResult)[pri:0, instance:com.jbk.owp.test.LoginPageTest@4b2bac3f]" name="getResult" is-config="true" duration-ms="0" started-at="2020-01-26T03:58:14Z" finished-at="2020-01-26T03:58:14Z">
          <params>
            <param index="0">
              <value>
                <![CDATA[[TestResult name=verifyTitle status=FAILURE method=LoginPageTest.verifyTitle()[pri:3, instance:com.jbk.owp.test.LoginPageTest@4b2bac3f] output={null}]]]>
              </value>
            </param>
          </params>
          <reporter-output>
          </reporter-output>
        </test-method> <!-- getResult -->
        <test-method status="PASS" signature="setupTest()[pri:0, instance:com.jbk.owp.test.LoginPageTest@4b2bac3f]" name="setupTest" is-config="true" duration-ms="1" started-at="2020-01-26T03:58:14Z" finished-at="2020-01-26T03:58:14Z">
          <reporter-output>
          </reporter-output>
        </test-method> <!-- setupTest -->
        <test-method status="PASS" signature="verifyloginsesion()[pri:4, instance:com.jbk.owp.test.LoginPageTest@4b2bac3f]" name="verifyloginsesion" duration-ms="18" started-at="2020-01-26T03:58:14Z" finished-at="2020-01-26T03:58:14Z">
          <reporter-output>
          </reporter-output>
        </test-method> <!-- verifyloginsesion -->
        <test-method status="PASS" signature="getResult(org.testng.ITestResult)[pri:0, instance:com.jbk.owp.test.LoginPageTest@4b2bac3f]" name="getResult" is-config="true" duration-ms="0" started-at="2020-01-26T03:58:14Z" finished-at="2020-01-26T03:58:14Z">
          <params>
            <param index="0">
              <value>
                <![CDATA[[TestResult name=verifyloginsesion status=SUCCESS method=LoginPageTest.verifyloginsesion()[pri:4, instance:com.jbk.owp.test.LoginPageTest@4b2bac3f] output={null}]]]>
              </value>
            </param>
          </params>
          <reporter-output>
          </reporter-output>
        </test-method> <!-- getResult -->
        <test-method status="PASS" signature="setupTest()[pri:0, instance:com.jbk.owp.test.LoginPageTest@4b2bac3f]" name="setupTest" is-config="true" duration-ms="2" started-at="2020-01-26T03:58:14Z" finished-at="2020-01-26T03:58:14Z">
          <reporter-output>
          </reporter-output>
        </test-method> <!-- setupTest -->
        <test-method status="PASS" signature="verifyPlaceHolderUsername()[pri:5, instance:com.jbk.owp.test.LoginPageTest@4b2bac3f]" name="verifyPlaceHolderUsername" duration-ms="35" started-at="2020-01-26T03:58:14Z" finished-at="2020-01-26T03:58:14Z">
          <reporter-output>
          </reporter-output>
        </test-method> <!-- verifyPlaceHolderUsername -->
        <test-method status="PASS" signature="getResult(org.testng.ITestResult)[pri:0, instance:com.jbk.owp.test.LoginPageTest@4b2bac3f]" name="getResult" is-config="true" duration-ms="0" started-at="2020-01-26T03:58:14Z" finished-at="2020-01-26T03:58:14Z">
          <params>
            <param index="0">
              <value>
                <![CDATA[[TestResult name=verifyPlaceHolderUsername status=SUCCESS method=LoginPageTest.verifyPlaceHolderUsername()[pri:5, instance:com.jbk.owp.test.LoginPageTest@4b2bac3f] output={null}]]]>
              </value>
            </param>
          </params>
          <reporter-output>
          </reporter-output>
        </test-method> <!-- getResult -->
        <test-method status="PASS" signature="setupTest()[pri:0, instance:com.jbk.owp.test.LoginPageTest@4b2bac3f]" name="setupTest" is-config="true" duration-ms="1" started-at="2020-01-26T03:58:14Z" finished-at="2020-01-26T03:58:14Z">
          <reporter-output>
          </reporter-output>
        </test-method> <!-- setupTest -->
        <test-method status="PASS" signature="verifyPlaceHolderPassword()[pri:6, instance:com.jbk.owp.test.LoginPageTest@4b2bac3f]" name="verifyPlaceHolderPassword" duration-ms="25" started-at="2020-01-26T03:58:14Z" finished-at="2020-01-26T03:58:14Z">
          <reporter-output>
          </reporter-output>
        </test-method> <!-- verifyPlaceHolderPassword -->
        <test-method status="PASS" signature="setupTest()[pri:0, instance:com.jbk.owp.test.LoginPageTest@4b2bac3f]" name="setupTest" is-config="true" duration-ms="1" started-at="2020-01-26T03:58:14Z" finished-at="2020-01-26T03:58:14Z">
          <reporter-output>
          </reporter-output>
        </test-method> <!-- setupTest -->
        <test-method status="PASS" signature="getResult(org.testng.ITestResult)[pri:0, instance:com.jbk.owp.test.LoginPageTest@4b2bac3f]" name="getResult" is-config="true" duration-ms="0" started-at="2020-01-26T03:58:14Z" finished-at="2020-01-26T03:58:14Z">
          <params>
            <param index="0">
              <value>
                <![CDATA[[TestResult name=verifyPlaceHolderPassword status=SUCCESS method=LoginPageTest.verifyPlaceHolderPassword()[pri:6, instance:com.jbk.owp.test.LoginPageTest@4b2bac3f] output={null}]]]>
              </value>
            </param>
          </params>
          <reporter-output>
          </reporter-output>
        </test-method> <!-- getResult -->
        <test-method status="PASS" signature="verifyButtoncolor()[pri:7, instance:com.jbk.owp.test.LoginPageTest@4b2bac3f]" name="verifyButtoncolor" duration-ms="170" started-at="2020-01-26T03:58:14Z" finished-at="2020-01-26T03:58:14Z">
          <reporter-output>
          </reporter-output>
        </test-method> <!-- verifyButtoncolor -->
        <test-method status="PASS" signature="getResult(org.testng.ITestResult)[pri:0, instance:com.jbk.owp.test.LoginPageTest@4b2bac3f]" name="getResult" is-config="true" duration-ms="0" started-at="2020-01-26T03:58:14Z" finished-at="2020-01-26T03:58:14Z">
          <params>
            <param index="0">
              <value>
                <![CDATA[[TestResult name=verifyButtoncolor status=SUCCESS method=LoginPageTest.verifyButtoncolor()[pri:7, instance:com.jbk.owp.test.LoginPageTest@4b2bac3f] output={null}]]]>
              </value>
            </param>
          </params>
          <reporter-output>
          </reporter-output>
        </test-method> <!-- getResult -->
        <test-method status="PASS" signature="setupTest()[pri:0, instance:com.jbk.owp.test.LoginPageTest@4b2bac3f]" name="setupTest" is-config="true" duration-ms="4" started-at="2020-01-26T03:58:14Z" finished-at="2020-01-26T03:58:15Z">
          <reporter-output>
          </reporter-output>
        </test-method> <!-- setupTest -->
        <test-method status="PASS" signature="verifyLinks()[pri:8, instance:com.jbk.owp.test.LoginPageTest@4b2bac3f]" name="verifyLinks" duration-ms="46" started-at="2020-01-26T03:58:15Z" finished-at="2020-01-26T03:58:15Z">
          <reporter-output>
          </reporter-output>
        </test-method> <!-- verifyLinks -->
        <test-method status="PASS" signature="getResult(org.testng.ITestResult)[pri:0, instance:com.jbk.owp.test.LoginPageTest@4b2bac3f]" name="getResult" is-config="true" duration-ms="0" started-at="2020-01-26T03:58:15Z" finished-at="2020-01-26T03:58:15Z">
          <params>
            <param index="0">
              <value>
                <![CDATA[[TestResult name=verifyLinks status=SUCCESS method=LoginPageTest.verifyLinks()[pri:8, instance:com.jbk.owp.test.LoginPageTest@4b2bac3f] output={null}]]]>
              </value>
            </param>
          </params>
          <reporter-output>
          </reporter-output>
        </test-method> <!-- getResult -->
        <test-method status="PASS" signature="setupTest()[pri:0, instance:com.jbk.owp.test.LoginPageTest@4b2bac3f]" name="setupTest" is-config="true" duration-ms="0" started-at="2020-01-26T03:58:15Z" finished-at="2020-01-26T03:58:15Z">
          <reporter-output>
          </reporter-output>
        </test-method> <!-- setupTest -->
        <test-method status="PASS" signature="Login(java.lang.String, java.lang.String, java.lang.String, java.lang.String, java.lang.String)[pri:9, instance:com.jbk.owp.test.LoginPageTest@4b2bac3f]" name="Login" duration-ms="614" started-at="2020-01-26T03:58:15Z" data-provider="d_login" finished-at="2020-01-26T03:58:16Z">
          <params>
            <param index="0">
              <value>
                <![CDATA[TCJBK01]]>
              </value>
            </param>
            <param index="1">
              <value>
                <![CDATA[BlankInfo]]>
              </value>
            </param>
            <param index="2">
              <value>
                <![CDATA[]]>
              </value>
            </param>
            <param index="3">
              <value>
                <![CDATA[]]>
              </value>
            </param>
            <param index="4">
              <value>
                <![CDATA[Please enter email.]]>
              </value>
            </param>
          </params>
          <reporter-output>
          </reporter-output>
        </test-method> <!-- Login -->
        <test-method status="PASS" signature="getResult(org.testng.ITestResult)[pri:0, instance:com.jbk.owp.test.LoginPageTest@4b2bac3f]" name="getResult" is-config="true" duration-ms="0" started-at="2020-01-26T03:58:16Z" finished-at="2020-01-26T03:58:16Z">
          <params>
            <param index="0">
              <value>
                <![CDATA[[TestResult name=Login status=SUCCESS method=LoginPageTest.Login(java.lang.String, java.lang.String, java.lang.String, java.lang.String, java.lang.String)[pri:9, instance:com.jbk.owp.test.LoginPageTest@4b2bac3f] output={null}]]]>
              </value>
            </param>
          </params>
          <reporter-output>
          </reporter-output>
        </test-method> <!-- getResult -->
        <test-method status="PASS" signature="setupTest()[pri:0, instance:com.jbk.owp.test.LoginPageTest@4b2bac3f]" name="setupTest" is-config="true" duration-ms="0" started-at="2020-01-26T03:58:16Z" finished-at="2020-01-26T03:58:16Z">
          <reporter-output>
          </reporter-output>
        </test-method> <!-- setupTest -->
        <test-method status="PASS" signature="Login(java.lang.String, java.lang.String, java.lang.String, java.lang.String, java.lang.String)[pri:9, instance:com.jbk.owp.test.LoginPageTest@4b2bac3f]" name="Login" duration-ms="629" started-at="2020-01-26T03:58:16Z" data-provider="d_login" finished-at="2020-01-26T03:58:16Z">
          <params>
            <param index="0">
              <value>
                <![CDATA[TCJBK02]]>
              </value>
            </param>
            <param index="1">
              <value>
                <![CDATA[InvalidInfo]]>
              </value>
            </param>
            <param index="2">
              <value>
                <![CDATA[abc]]>
              </value>
            </param>
            <param index="3">
              <value>
                <![CDATA[123]]>
              </value>
            </param>
            <param index="4">
              <value>
                <![CDATA[Please enter email as kiran@gmail.com]]>
              </value>
            </param>
          </params>
          <reporter-output>
          </reporter-output>
        </test-method> <!-- Login -->
        <test-method status="PASS" signature="getResult(org.testng.ITestResult)[pri:0, instance:com.jbk.owp.test.LoginPageTest@4b2bac3f]" name="getResult" is-config="true" duration-ms="1" started-at="2020-01-26T03:58:16Z" finished-at="2020-01-26T03:58:16Z">
          <params>
            <param index="0">
              <value>
                <![CDATA[[TestResult name=Login status=SUCCESS method=LoginPageTest.Login(java.lang.String, java.lang.String, java.lang.String, java.lang.String, java.lang.String)[pri:9, instance:com.jbk.owp.test.LoginPageTest@4b2bac3f] output={null}]]]>
              </value>
            </param>
          </params>
          <reporter-output>
          </reporter-output>
        </test-method> <!-- getResult -->
        <test-method status="PASS" signature="setupTest()[pri:0, instance:com.jbk.owp.test.LoginPageTest@4b2bac3f]" name="setupTest" is-config="true" duration-ms="1" started-at="2020-01-26T03:58:16Z" finished-at="2020-01-26T03:58:16Z">
          <reporter-output>
          </reporter-output>
        </test-method> <!-- setupTest -->
        <test-method status="PASS" signature="Login(java.lang.String, java.lang.String, java.lang.String, java.lang.String, java.lang.String)[pri:9, instance:com.jbk.owp.test.LoginPageTest@4b2bac3f]" name="Login" duration-ms="1847" started-at="2020-01-26T03:58:16Z" data-provider="d_login" finished-at="2020-01-26T03:58:18Z">
          <params>
            <param index="0">
              <value>
                <![CDATA[TCJBK03]]>
              </value>
            </param>
            <param index="1">
              <value>
                <![CDATA[ValidInfo]]>
              </value>
            </param>
            <param index="2">
              <value>
                <![CDATA[kiran@gmail.com]]>
              </value>
            </param>
            <param index="3">
              <value>
                <![CDATA[123456]]>
              </value>
            </param>
            <param index="4">
              <value>
                <![CDATA[MAIN NAVIGATION]]>
              </value>
            </param>
          </params>
          <reporter-output>
          </reporter-output>
        </test-method> <!-- Login -->
        <test-method status="PASS" signature="getResult(org.testng.ITestResult)[pri:0, instance:com.jbk.owp.test.LoginPageTest@4b2bac3f]" name="getResult" is-config="true" duration-ms="1" started-at="2020-01-26T03:58:18Z" finished-at="2020-01-26T03:58:18Z">
          <params>
            <param index="0">
              <value>
                <![CDATA[[TestResult name=Login status=SUCCESS method=LoginPageTest.Login(java.lang.String, java.lang.String, java.lang.String, java.lang.String, java.lang.String)[pri:9, instance:com.jbk.owp.test.LoginPageTest@4b2bac3f] output={null}]]]>
              </value>
            </param>
          </params>
          <reporter-output>
          </reporter-output>
        </test-method> <!-- getResult -->
      </class> <!-- com.jbk.owp.test.LoginPageTest -->
      <class name="com.jbk.owp.base.TestBase">
        <test-method status="PASS" signature="Setup()[pri:0, instance:com.jbk.owp.base.TestBase@4d1c00d0]" name="Setup" is-config="true" duration-ms="9695" started-at="2020-01-26T03:58:04Z" finished-at="2020-01-26T03:58:14Z">
          <reporter-output>
            <line>
              <![CDATA[=====Application Started ========]]>
            </line>
          </reporter-output>
        </test-method> <!-- Setup -->
        <test-method status="PASS" signature="CloseApplication()[pri:0, instance:com.jbk.owp.base.TestBase@4d1c00d0]" name="CloseApplication" is-config="true" duration-ms="5435" started-at="2020-01-26T03:58:25Z" finished-at="2020-01-26T03:58:30Z">
          <reporter-output>
          </reporter-output>
        </test-method> <!-- CloseApplication -->
      </class> <!-- com.jbk.owp.base.TestBase -->
      <class name="com.jbk.owp.test.AddUserPageTest">
        <test-method status="PASS" signature="setupTest()[pri:0, instance:com.jbk.owp.test.AddUserPageTest@4e08711f]" name="setupTest" is-config="true" duration-ms="12" started-at="2020-01-26T03:58:18Z" finished-at="2020-01-26T03:58:18Z">
          <reporter-output>
          </reporter-output>
        </test-method> <!-- setupTest -->
        <test-method status="PASS" signature="Click_onUser()[pri:10, instance:com.jbk.owp.test.AddUserPageTest@4e08711f]" name="Click_onUser" duration-ms="200" started-at="2020-01-26T03:58:18Z" finished-at="2020-01-26T03:58:18Z">
          <reporter-output>
          </reporter-output>
        </test-method> <!-- Click_onUser -->
        <test-method status="PASS" signature="getResult(org.testng.ITestResult)[pri:0, instance:com.jbk.owp.test.AddUserPageTest@4e08711f]" name="getResult" is-config="true" duration-ms="0" started-at="2020-01-26T03:58:18Z" finished-at="2020-01-26T03:58:18Z">
          <params>
            <param index="0">
              <value>
                <![CDATA[[TestResult name=Click_onUser status=SUCCESS method=AddUserPageTest.Click_onUser()[pri:10, instance:com.jbk.owp.test.AddUserPageTest@4e08711f] output={null}]]]>
              </value>
            </param>
          </params>
          <reporter-output>
          </reporter-output>
        </test-method> <!-- getResult -->
        <test-method status="PASS" signature="setupTest()[pri:0, instance:com.jbk.owp.test.AddUserPageTest@4e08711f]" name="setupTest" is-config="true" duration-ms="0" started-at="2020-01-26T03:58:18Z" finished-at="2020-01-26T03:58:18Z">
          <reporter-output>
          </reporter-output>
        </test-method> <!-- setupTest -->
        <test-method status="PASS" signature="Click_On_AddUser_Btn()[pri:11, instance:com.jbk.owp.test.AddUserPageTest@4e08711f]" name="Click_On_AddUser_Btn" duration-ms="193" started-at="2020-01-26T03:58:18Z" finished-at="2020-01-26T03:58:19Z">
          <reporter-output>
          </reporter-output>
        </test-method> <!-- Click_On_AddUser_Btn -->
        <test-method status="PASS" signature="getResult(org.testng.ITestResult)[pri:0, instance:com.jbk.owp.test.AddUserPageTest@4e08711f]" name="getResult" is-config="true" duration-ms="1" started-at="2020-01-26T03:58:19Z" finished-at="2020-01-26T03:58:19Z">
          <params>
            <param index="0">
              <value>
                <![CDATA[[TestResult name=Click_On_AddUser_Btn status=SUCCESS method=AddUserPageTest.Click_On_AddUser_Btn()[pri:11, instance:com.jbk.owp.test.AddUserPageTest@4e08711f] output={null}]]]>
              </value>
            </param>
          </params>
          <reporter-output>
          </reporter-output>
        </test-method> <!-- getResult -->
        <test-method status="PASS" signature="Fill_Form()[pri:12, instance:com.jbk.owp.test.AddUserPageTest@4e08711f]" name="Fill_Form" duration-ms="5752" started-at="2020-01-26T03:58:19Z" finished-at="2020-01-26T03:58:24Z">
          <reporter-output>
          </reporter-output>
        </test-method> <!-- Fill_Form -->
        <test-method status="PASS" signature="setupTest()[pri:0, instance:com.jbk.owp.test.AddUserPageTest@4e08711f]" name="setupTest" is-config="true" duration-ms="0" started-at="2020-01-26T03:58:19Z" finished-at="2020-01-26T03:58:19Z">
          <reporter-output>
          </reporter-output>
        </test-method> <!-- setupTest -->
        <test-method status="PASS" signature="getResult(org.testng.ITestResult)[pri:0, instance:com.jbk.owp.test.AddUserPageTest@4e08711f]" name="getResult" is-config="true" duration-ms="1" started-at="2020-01-26T03:58:24Z" finished-at="2020-01-26T03:58:24Z">
          <params>
            <param index="0">
              <value>
                <![CDATA[[TestResult name=Fill_Form status=SUCCESS method=AddUserPageTest.Fill_Form()[pri:12, instance:com.jbk.owp.test.AddUserPageTest@4e08711f] output={null}]]]>
              </value>
            </param>
          </params>
          <reporter-output>
          </reporter-output>
        </test-method> <!-- getResult -->
      </class> <!-- com.jbk.owp.test.AddUserPageTest -->
    </test> <!-- Default test -->
  </suite> <!-- Regression -->
</testng-results>
