<?xml version="1.0" encoding="UTF-8"?>
<!-- Generated by org.testng.reporters.JUnitXMLReporter -->
<testsuite hostname="SUBHASHA-PC" ignored="4" name="Default test"
	tests="2" failures="1" timestamp="28 Jan 2020 09:28:35 GMT" time="21.007"
	errors="0">
	<testcase name="verify_Current_Url" time="0.019"
		classname="com.jbk.owp.test.LoginPageTest" />
	<testcase name="CheckMainNavigationText" time="20.116"
		classname="com.jbk.owp.test.DashboardPageTest">
		<failure type="org.openqa.selenium.NoSuchElementException"
			message="Unable to locate element: //ul[@class=&amp;quot;sidebar-menu&amp;quot;]//*[.=&amp;apos;MAIN NAVIGATION&amp;apos;]
For documentation on this error, please visit: http://seleniumhq.org/exceptions/no_such_element.html
Build info: version: &amp;apos;3.9.1&amp;apos;, revision: &amp;apos;63f7b50&amp;apos;, time: &amp;apos;2018-02-07T22:25:02.294Z&amp;apos;
System info: host: &amp;apos;SUBHASHA-PC&amp;apos;, ip: &amp;apos;192.168.1.203&amp;apos;, os.name: &amp;apos;Windows 10&amp;apos;, os.arch: &amp;apos;amd64&amp;apos;, os.version: &amp;apos;10.0&amp;apos;, java.version: &amp;apos;1.8.0_212&amp;apos;
Driver info: org.openqa.selenium.firefox.FirefoxDriver
Capabilities {acceptInsecureCerts: true, browserName: firefox, browserVersion: 71.0, javascriptEnabled: true, moz:accessibilityChecks: false, moz:buildID: 20191202093317, moz:geckodriverVersion: 0.26.0, moz:headless: false, moz:processID: 11100, moz:profile: C:\Users\Subhash\AppData\Lo..., moz:shutdownTimeout: 60000, moz:useNonSpecCompliantPointerOrigin: false, moz:webdriverClick: true, pageLoadStrategy: normal, platform: WINDOWS, platformName: WINDOWS, platformVersion: 10.0, rotatable: false, setWindowRect: true, strictFileInteractability: false, timeouts: {implicit: 0, pageLoad: 300000, script: 30000}, unhandledPromptBehavior: dismiss and notify}
Session ID: 2317eaec-3487-41ea-ab01-45b2df285fad
*** Element info: {Using=xpath, value=//ul[@class=&amp;quot;sidebar-menu&amp;quot;]//*[.=&amp;apos;MAIN NAVIGATION&amp;apos;]}">
      <![CDATA[org.openqa.selenium.NoSuchElementException: Unable to locate element: //ul[@class="sidebar-menu"]//*[.='MAIN NAVIGATION']
For documentation on this error, please visit: http://seleniumhq.org/exceptions/no_such_element.html
Build info: version: '3.9.1', revision: '63f7b50', time: '2018-02-07T22:25:02.294Z'
System info: host: 'SUBHASHA-PC', ip: '192.168.1.203', os.name: 'Windows 10', os.arch: 'amd64', os.version: '10.0', java.version: '1.8.0_212'
Driver info: org.openqa.selenium.firefox.FirefoxDriver
Capabilities {acceptInsecureCerts: true, browserName: firefox, browserVersion: 71.0, javascriptEnabled: true, moz:accessibilityChecks: false, moz:buildID: 20191202093317, moz:geckodriverVersion: 0.26.0, moz:headless: false, moz:processID: 11100, moz:profile: C:\Users\Subhash\AppData\Lo..., moz:shutdownTimeout: 60000, moz:useNonSpecCompliantPointerOrigin: false, moz:webdriverClick: true, pageLoadStrategy: normal, platform: WINDOWS, platformName: WINDOWS, platformVersion: 10.0, rotatable: false, setWindowRect: true, strictFileInteractability: false, timeouts: {implicit: 0, pageLoad: 300000, script: 30000}, unhandledPromptBehavior: dismiss and notify}
Session ID: 2317eaec-3487-41ea-ab01-45b2df285fad
*** Element info: {Using=xpath, value=//ul[@class="sidebar-menu"]//*[.='MAIN NAVIGATION']}
at org.openqa.selenium.remote.http.W3CHttpResponseCodec.createException(W3CHttpResponseCodec.java:187)
at org.openqa.selenium.remote.http.W3CHttpResponseCodec.decode(W3CHttpResponseCodec.java:122)
at org.openqa.selenium.remote.http.W3CHttpResponseCodec.decode(W3CHttpResponseCodec.java:49)
at org.openqa.selenium.remote.HttpCommandExecutor.execute(HttpCommandExecutor.java:160)
at org.openqa.selenium.remote.service.DriverCommandExecutor.execute(DriverCommandExecutor.java:83)
at org.openqa.selenium.remote.RemoteWebDriver.execute(RemoteWebDriver.java:601)
at org.openqa.selenium.remote.RemoteWebDriver.findElement(RemoteWebDriver.java:371)
at org.openqa.selenium.remote.RemoteWebDriver.findElementByXPath(RemoteWebDriver.java:473)
at org.openqa.selenium.By$ByXPath.findElement(By.java:361)
at org.openqa.selenium.remote.RemoteWebDriver.findElement(RemoteWebDriver.java:363)
at org.openqa.selenium.support.pagefactory.DefaultElementLocator.findElement(DefaultElementLocator.java:69)
at org.openqa.selenium.support.pagefactory.internal.LocatingElementHandler.invoke(LocatingElementHandler.java:38)
at com.sun.proxy.$Proxy29.getText(Unknown Source)
at com.jbk.owp.test.DashboardPageTest.CheckMainNavigationText(DashboardPageTest.java:36)
... Removed 29 stack frames]]>
		</failure>
	</testcase> <!-- CheckMainNavigationText -->
	<testcase name="@AfterSuite CloseApplication" time="0.0"
		classname="com.jbk.owp.base.TestBase">
		<ignored />
	</testcase> <!-- @AfterSuite CloseApplication -->
	<testcase name="@AfterSuite CloseApplication" time="0.0"
		classname="com.jbk.owp.base.TestBase">
		<ignored />
	</testcase> <!-- @AfterSuite CloseApplication -->
	<testcase name="@BeforeSuite Setup" time="0.0"
		classname="com.jbk.owp.base.TestBase">
		<ignored />
	</testcase> <!-- @BeforeSuite Setup -->
	<testcase name="@BeforeSuite Setup" time="0.0"
		classname="com.jbk.owp.base.TestBase">
		<ignored />
	</testcase> <!-- @BeforeSuite Setup -->
</testsuite> <!-- Default test -->
