<?xml version="1.0" encoding="UTF-8"?>
<!-- Generated by org.testng.reporters.JUnitXMLReporter -->
<testsuite hostname="SUBHASHA-PC" ignored="4" name="Default test" tests="14" failures="1" timestamp="26 Jan 2020 03:58:24 GMT" time="10.309" errors="0">
  <testcase name="verify_Current_Url" time="0.016" classname="com.jbk.owp.test.LoginPageTest"/>
  <testcase name="verifyApplicationTitle" time="0.007" classname="com.jbk.owp.test.LoginPageTest"/>
  <testcase name="verifyTitle" time="0.022" classname="com.jbk.owp.test.LoginPageTest">
    <failure type="java.lang.AssertionError" message="expected:&amp;lt;Java By Kiran&amp;gt; but was:&amp;lt;Java By subhash&amp;gt;">
      <![CDATA[java.lang.AssertionError: expected:<Java By Kiran> but was:<Java By subhash>
at com.jbk.owp.test.LoginPageTest.verifyTitle(LoginPageTest.java:46)
... Removed 27 stack frames]]>
    </failure>
  </testcase> <!-- verifyTitle -->
  <testcase name="verifyloginsesion" time="0.018" classname="com.jbk.owp.test.LoginPageTest"/>
  <testcase name="verifyPlaceHolderUsername" time="0.035" classname="com.jbk.owp.test.LoginPageTest"/>
  <testcase name="verifyPlaceHolderPassword" time="0.025" classname="com.jbk.owp.test.LoginPageTest"/>
  <testcase name="verifyButtoncolor" time="0.17" classname="com.jbk.owp.test.LoginPageTest"/>
  <testcase name="verifyLinks" time="0.046" classname="com.jbk.owp.test.LoginPageTest"/>
  <testcase name="Login" time="0.614" classname="com.jbk.owp.test.LoginPageTest"/>
  <testcase name="Login" time="0.629" classname="com.jbk.owp.test.LoginPageTest"/>
  <testcase name="Login" time="1.847" classname="com.jbk.owp.test.LoginPageTest"/>
  <testcase name="Click_onUser" time="0.2" classname="com.jbk.owp.test.AddUserPageTest"/>
  <testcase name="Click_On_AddUser_Btn" time="0.193" classname="com.jbk.owp.test.AddUserPageTest"/>
  <testcase name="Fill_Form" time="5.752" classname="com.jbk.owp.test.AddUserPageTest"/>
  <testcase name="@AfterSuite CloseApplication" time="0.0" classname="com.jbk.owp.base.TestBase">
    <ignored/>
  </testcase> <!-- @AfterSuite CloseApplication -->
  <testcase name="@AfterSuite CloseApplication" time="0.0" classname="com.jbk.owp.base.TestBase">
    <ignored/>
  </testcase> <!-- @AfterSuite CloseApplication -->
  <testcase name="@BeforeSuite Setup" time="0.0" classname="com.jbk.owp.base.TestBase">
    <ignored/>
  </testcase> <!-- @BeforeSuite Setup -->
  <testcase name="@BeforeSuite Setup" time="0.0" classname="com.jbk.owp.base.TestBase">
    <ignored/>
  </testcase> <!-- @BeforeSuite Setup -->
</testsuite> <!-- Default test -->
