<?xml version="1.0" encoding="UTF-8"?>
<!-- Generated by org.testng.reporters.JUnitXMLReporter -->
<testsuite hostname="SUBHASHA-PC" ignored="7" name="Default test" tests="1" failures="0" timestamp="21 Jan 2020 09:37:56 GMT" time="0.75" errors="0">
  <testcase name="verifyRegisterMemberlink" time="0.179" classname="com.jbk.owp.test.RegisterMemberPageTest"/>
  <testcase name="verifyRegisterMemberValidinfo" time="0.0" classname="com.jbk.owp.test.RegisterMemberPageTest">
    <ignored/>
  </testcase> <!-- verifyRegisterMemberValidinfo -->
  <testcase name="verifyHeading" time="0.0" classname="com.jbk.owp.test.RegisterMemberPageTest">
    <ignored/>
  </testcase> <!-- verifyHeading -->
  <testcase name="verifyPlaceholderPassword" time="0.0" classname="com.jbk.owp.test.RegisterMemberPageTest">
    <ignored/>
  </testcase> <!-- verifyPlaceholderPassword -->
  <testcase name="verifyPlaceholderName" time="0.0" classname="com.jbk.owp.test.RegisterMemberPageTest">
    <ignored/>
  </testcase> <!-- verifyPlaceholderName -->
  <testcase name="verifyAlreadyMembershipLink" time="0.0" classname="com.jbk.owp.test.RegisterMemberPageTest">
    <ignored/>
  </testcase> <!-- verifyAlreadyMembershipLink -->
  <testcase name="verifyPlaceholderEmail" time="0.0" classname="com.jbk.owp.test.RegisterMemberPageTest">
    <ignored/>
  </testcase> <!-- verifyPlaceholderEmail -->
  <testcase name="verifyPlaceholderMobile" time="0.0" classname="com.jbk.owp.test.RegisterMemberPageTest">
    <ignored/>
  </testcase> <!-- verifyPlaceholderMobile -->
</testsuite> <!-- Default test -->
