<?xml version="1.0" encoding="UTF-8"?>
<!-- Generated by org.testng.reporters.JUnitXMLReporter -->
<testsuite hostname="SUBHASHA-PC" ignored="8" name="Default test" tests="20" failures="0" timestamp="12 Jan 2020 13:41:00 GMT" time="9.603" errors="0">
  <testcase name="verifyRegisterMemberlink" time="2.264" classname="com.jbk.owp.test.RegisterMemberPageTest"/>
  <testcase name="verifyHeading" time="0.015" classname="com.jbk.owp.test.RegisterMemberPageTest"/>
  <testcase name="verifyPlaceholderName" time="0.403" classname="com.jbk.owp.test.RegisterMemberPageTest"/>
  <testcase name="verifyPlaceholderMobile" time="0.055" classname="com.jbk.owp.test.RegisterMemberPageTest"/>
  <testcase name="verifyPlaceholderEmail" time="0.05" classname="com.jbk.owp.test.RegisterMemberPageTest"/>
  <testcase name="verifyPlaceholderPassword" time="0.046" classname="com.jbk.owp.test.RegisterMemberPageTest"/>
  <testcase name="verifyRegistermemberBlankinfo" time="0.924" classname="com.jbk.owp.test.RegisterMemberPageTest"/>
  <testcase name="verifyErrorMessageRegistermember" time="0.309" classname="com.jbk.owp.test.RegisterMemberPageTest"/>
  <testcase name="verifyRegisterMemberValidinfo" time="0.541" classname="com.jbk.owp.test.RegisterMemberPageTest"/>
  <testcase name="verifyUrl" time="0.013" classname="com.jbk.owp.test.LoginPageTest"/>
  <testcase name="verifyApplicationTitle" time="0.012" classname="com.jbk.owp.test.LoginPageTest"/>
  <testcase name="verifyTitle" time="0.033" classname="com.jbk.owp.test.LoginPageTest"/>
  <testcase name="verifyloginsesion" time="0.019" classname="com.jbk.owp.test.LoginPageTest"/>
  <testcase name="verifyPlaceHolderUsername" time="0.035" classname="com.jbk.owp.test.LoginPageTest"/>
  <testcase name="verifyPlaceHolderPassword" time="0.027" classname="com.jbk.owp.test.LoginPageTest"/>
  <testcase name="verifyButtoncolor" time="0.316" classname="com.jbk.owp.test.LoginPageTest"/>
  <testcase name="verifyLinks" time="0.091" classname="com.jbk.owp.test.LoginPageTest"/>
  <testcase name="Login" time="0.435" classname="com.jbk.owp.test.LoginPageTest"/>
  <testcase name="Login" time="0.445" classname="com.jbk.owp.test.LoginPageTest"/>
  <testcase name="Login" time="2.785" classname="com.jbk.owp.test.LoginPageTest"/>
  <testcase name="@BeforeSuite setUp" time="0.0" classname="com.jbk.owp.base.TestBase">
    <ignored/>
  </testcase> <!-- @BeforeSuite setUp -->
  <testcase name="@BeforeSuite setUp" time="0.0" classname="com.jbk.owp.base.TestBase">
    <ignored/>
  </testcase> <!-- @BeforeSuite setUp -->
  <testcase name="@AfterSuite CloseApplication" time="0.0" classname="com.jbk.owp.base.TestBase">
    <ignored/>
  </testcase> <!-- @AfterSuite CloseApplication -->
  <testcase name="@AfterSuite CloseApplication" time="0.0" classname="com.jbk.owp.base.TestBase">
    <ignored/>
  </testcase> <!-- @AfterSuite CloseApplication -->
  <testcase name="@AfterSuite tearDown1" time="0.0" classname="com.jbk.owp.base.TestBase">
    <ignored/>
  </testcase> <!-- @AfterSuite tearDown1 -->
  <testcase name="@AfterSuite tearDown1" time="0.0" classname="com.jbk.owp.base.TestBase">
    <ignored/>
  </testcase> <!-- @AfterSuite tearDown1 -->
  <testcase name="@BeforeSuite setup_Browser" time="0.0" classname="com.jbk.owp.base.TestBase">
    <ignored/>
  </testcase> <!-- @BeforeSuite setup_Browser -->
  <testcase name="@BeforeSuite setup_Browser" time="0.0" classname="com.jbk.owp.base.TestBase">
    <ignored/>
  </testcase> <!-- @BeforeSuite setup_Browser -->
</testsuite> <!-- Default test -->
