<?xml version="1.0" encoding="UTF-8"?>
<!-- Generated by org.testng.reporters.JUnitXMLReporter -->
<testsuite hostname="SUBHASHA-PC" ignored="4" name="Default test" tests="20" failures="1" timestamp="17 Jan 2020 11:02:20 GMT" time="6.645" errors="0">
  <testcase name="verifyRegisterMemberlink" time="0.3" classname="com.jbk.owp.test.RegisterMemberPageTest"/>
  <testcase name="verifyHeading" time="0.014" classname="com.jbk.owp.test.RegisterMemberPageTest"/>
  <testcase name="verifyPlaceholderName" time="0.044" classname="com.jbk.owp.test.RegisterMemberPageTest"/>
  <testcase name="verifyPlaceholderMobile" time="0.03" classname="com.jbk.owp.test.RegisterMemberPageTest"/>
  <testcase name="verifyPlaceholderEmail" time="0.019" classname="com.jbk.owp.test.RegisterMemberPageTest"/>
  <testcase name="verifyPlaceholderPassword" time="0.019" classname="com.jbk.owp.test.RegisterMemberPageTest"/>
  <testcase name="verifyRegistermemberBlankinfo" time="0.501" classname="com.jbk.owp.test.RegisterMemberPageTest"/>
  <testcase name="verifyErrorMessageRegistermember" time="0.309" classname="com.jbk.owp.test.RegisterMemberPageTest"/>
  <testcase name="verifyRegisterMemberValidinfo" time="0.793" classname="com.jbk.owp.test.RegisterMemberPageTest"/>
  <testcase name="verifyUrl" time="0.005" classname="com.jbk.owp.test.LoginPageTest"/>
  <testcase name="verifyApplicationTitle" time="0.005" classname="com.jbk.owp.test.LoginPageTest"/>
  <testcase name="verifyTitle" time="0.018" classname="com.jbk.owp.test.LoginPageTest">
    <failure type="java.lang.AssertionError" message="expected [Java By subhash] but found [Java By Kiran]">
      <![CDATA[java.lang.AssertionError: expected [Java By subhash] but found [Java By Kiran]
at com.jbk.owp.test.LoginPageTest.verifyTitle(LoginPageTest.java:45)
... Removed 31 stack frames]]>
    </failure>
  </testcase> <!-- verifyTitle -->
  <testcase name="verifyloginsesion" time="0.016" classname="com.jbk.owp.test.LoginPageTest"/>
  <testcase name="verifyPlaceHolderUsername" time="0.032" classname="com.jbk.owp.test.LoginPageTest"/>
  <testcase name="verifyPlaceHolderPassword" time="0.029" classname="com.jbk.owp.test.LoginPageTest"/>
  <testcase name="verifyButtoncolor" time="0.186" classname="com.jbk.owp.test.LoginPageTest"/>
  <testcase name="verifyLinks" time="0.037" classname="com.jbk.owp.test.LoginPageTest"/>
  <testcase name="Login" time="0.31" classname="com.jbk.owp.test.LoginPageTest"/>
  <testcase name="Login" time="0.328" classname="com.jbk.owp.test.LoginPageTest"/>
  <testcase name="Login" time="0.317" classname="com.jbk.owp.test.LoginPageTest"/>
  <testcase name="@AfterSuite CloseApplication" time="0.0" classname="com.jbk.owp.base.TestBase">
    <ignored/>
  </testcase> <!-- @AfterSuite CloseApplication -->
  <testcase name="@AfterSuite CloseApplication" time="0.0" classname="com.jbk.owp.base.TestBase">
    <ignored/>
  </testcase> <!-- @AfterSuite CloseApplication -->
  <testcase name="@BeforeSuite Setup" time="0.0" classname="com.jbk.owp.base.TestBase">
    <ignored/>
  </testcase> <!-- @BeforeSuite Setup -->
  <testcase name="@BeforeSuite Setup" time="0.0" classname="com.jbk.owp.base.TestBase">
    <ignored/>
  </testcase> <!-- @BeforeSuite Setup -->
</testsuite> <!-- Default test -->
