<?xml version="1.0" encoding="UTF-8"?>
<!-- Generated by org.testng.reporters.JUnitXMLReporter -->
<testsuite hostname="SUBHASHA-PC" name="test" tests="66" failures="6" timestamp="4 Feb 2020 12:10:21 GMT" time="96.622" errors="0">
  <testcase name="verifyRegisterMemberlink" time="0.352" classname="com.jbk.owp.test.RegisterMemberPageTest"/>
  <testcase name="verifyTitle" time="0.016" classname="com.jbk.owp.test.RegisterMemberPageTest"/>
  <testcase name="verifyPlaceholderName" time="0.195" classname="com.jbk.owp.test.RegisterMemberPageTest"/>
  <testcase name="verifyPlaceholderMobile" time="0.049" classname="com.jbk.owp.test.RegisterMemberPageTest"/>
  <testcase name="verifyPlaceholderEmail" time="0.051" classname="com.jbk.owp.test.RegisterMemberPageTest"/>
  <testcase name="verifyPlaceholderPassword" time="0.024" classname="com.jbk.owp.test.RegisterMemberPageTest"/>
  <testcase name="verifyRegisterMemberValidinfo" time="2.646" classname="com.jbk.owp.test.RegisterMemberPageTest"/>
  <testcase name="verifyAlreadyMembershipLink" time="0.194" classname="com.jbk.owp.test.RegisterMemberPageTest"/>
  <testcase name="verify_Current_Url" time="0.005" classname="com.jbk.owp.test.LoginPageTest"/>
  <testcase name="verifyApplicationTitle" time="0.007" classname="com.jbk.owp.test.LoginPageTest">
    <failure type="java.lang.AssertionError" message="expected [JavaByKiran | Log ] but found [JavaByKiran | Log in]">
      <![CDATA[java.lang.AssertionError: expected [JavaByKiran | Log ] but found [JavaByKiran | Log in]
	at com.jbk.owp.test.LoginPageTest.verifyApplicationTitle(LoginPageTest.java:44)
... Removed 30 stack frames]]>
    </failure>
  </testcase> <!-- verifyApplicationTitle -->
  <testcase name="verifyTitle" time="0.023" classname="com.jbk.owp.test.LoginPageTest">
    <failure type="java.lang.AssertionError" message="expected [Java By subhash] but found [Java By Kiran]">
      <![CDATA[java.lang.AssertionError: expected [Java By subhash] but found [Java By Kiran]
	at com.jbk.owp.test.LoginPageTest.verifyTitle(LoginPageTest.java:50)
... Removed 30 stack frames]]>
    </failure>
  </testcase> <!-- verifyTitle -->
  <testcase name="verifyloginsesion" time="0.014" classname="com.jbk.owp.test.LoginPageTest"/>
  <testcase name="verifyPlaceHolderUsername" time="0.018" classname="com.jbk.owp.test.LoginPageTest"/>
  <testcase name="verifyPlaceHolderPassword" time="0.017" classname="com.jbk.owp.test.LoginPageTest"/>
  <testcase name="verifyButtoncolor" time="0.219" classname="com.jbk.owp.test.LoginPageTest"/>
  <testcase name="verifyLinks" time="0.056" classname="com.jbk.owp.test.LoginPageTest"/>
  <testcase name="LoginTest" time="0.309" classname="com.jbk.owp.test.LoginPageTest"/>
  <testcase name="LoginTest" time="0.398" classname="com.jbk.owp.test.LoginPageTest"/>
  <testcase name="LoginTest" time="1.581" classname="com.jbk.owp.test.LoginPageTest"/>
  <testcase name="CheckMainNavigationText" time="0.077" classname="com.jbk.owp.test.DashboardPageTest"/>
  <testcase name="Dashboard_Main_Heading_Text_Check" time="0.023" classname="com.jbk.owp.test.DashboardPageTest"/>
  <testcase name="user_Navigation_spell_Check" time="0.064" classname="com.jbk.owp.test.DashboardPageTest"/>
  <testcase name="oprators_Navigation_spell_Check" time="0.022" classname="com.jbk.owp.test.DashboardPageTest"/>
  <testcase name="useful_Links_spell_Check" time="0.026" classname="com.jbk.owp.test.DashboardPageTest"/>
  <testcase name="downloads_Navigation_Spelling_Check" time="0.038" classname="com.jbk.owp.test.DashboardPageTest"/>
  <testcase name="logout_Navigation_Spelling_Check" time="0.017" classname="com.jbk.owp.test.DashboardPageTest"/>
  <testcase name="Dashboard_Navigation_link_Check" time="0.024" classname="com.jbk.owp.test.DashboardPageTest"/>
  <testcase name="user_Navigation_link_Check" time="0.022" classname="com.jbk.owp.test.DashboardPageTest"/>
  <testcase name="oprators_Navigation_link_Check" time="0.03" classname="com.jbk.owp.test.DashboardPageTest"/>
  <testcase name="usefulLinks_navigation_link_Check" time="0.028" classname="com.jbk.owp.test.DashboardPageTest"/>
  <testcase name="downloads_Navigation_link_Check" time="0.067" classname="com.jbk.owp.test.DashboardPageTest"/>
  <testcase name="sidebar_Menu_Navigations_Count" time="0.002" classname="com.jbk.owp.test.DashboardPageTest"/>
  <testcase name="User_Navigation_isdisplayed_Check" time="0.043" classname="com.jbk.owp.test.DashboardPageTest"/>
  <testcase name="operators_Navigation_isdisplayed" time="0.042" classname="com.jbk.owp.test.DashboardPageTest"/>
  <testcase name="usefullinks_Navaigation_isdisplayed" time="0.056" classname="com.jbk.owp.test.DashboardPageTest"/>
  <testcase name="downloads_navigation_isdisplayed" time="0.035" classname="com.jbk.owp.test.DashboardPageTest"/>
  <testcase name="logouttabisdisplayed" time="0.032" classname="com.jbk.owp.test.DashboardPageTest"/>
  <testcase name="moveover_Dashboard_Bgcolor" time="0.163" classname="com.jbk.owp.test.DashboardPageTest"/>
  <testcase name="moveover_User_Bgcolor" time="0.156" classname="com.jbk.owp.test.DashboardPageTest">
    <failure type="java.lang.AssertionError" message="expected [rgba(30, 40, 44, 1)] but found [rgb(30, 40, 44)]">
      <![CDATA[java.lang.AssertionError: expected [rgba(30, 40, 44, 1)] but found [rgb(30, 40, 44)]
	at com.jbk.owp.test.DashboardPageTest.moveover_User_Bgcolor(DashboardPageTest.java:201)
... Removed 30 stack frames]]>
    </failure>
  </testcase> <!-- moveover_User_Bgcolor -->
  <testcase name="moveover_Oprators_Bgcolor" time="0.162" classname="com.jbk.owp.test.DashboardPageTest">
    <failure type="java.lang.AssertionError" message="expected [rgba(30, 40, 44, 1)] but found [rgb(30, 40, 44)]">
      <![CDATA[java.lang.AssertionError: expected [rgba(30, 40, 44, 1)] but found [rgb(30, 40, 44)]
	at com.jbk.owp.test.DashboardPageTest.moveover_Oprators_Bgcolor(DashboardPageTest.java:214)
... Removed 30 stack frames]]>
    </failure>
  </testcase> <!-- moveover_Oprators_Bgcolor -->
  <testcase name="moveover_UsefulLinks_Bgcolor" time="0.159" classname="com.jbk.owp.test.DashboardPageTest">
    <failure type="java.lang.AssertionError" message="expected [rgba(30, 40, 44, 1)] but found [rgb(30, 40, 44)]">
      <![CDATA[java.lang.AssertionError: expected [rgba(30, 40, 44, 1)] but found [rgb(30, 40, 44)]
	at com.jbk.owp.test.DashboardPageTest.moveover_UsefulLinks_Bgcolor(DashboardPageTest.java:227)
... Removed 30 stack frames]]>
    </failure>
  </testcase> <!-- moveover_UsefulLinks_Bgcolor -->
  <testcase name="moveover_downloads_Bgcolor" time="0.161" classname="com.jbk.owp.test.DashboardPageTest">
    <failure type="java.lang.AssertionError" message="expected [rgba(30, 40, 44, 1)] but found [rgb(30, 40, 44)]">
      <![CDATA[java.lang.AssertionError: expected [rgba(30, 40, 44, 1)] but found [rgb(30, 40, 44)]
	at com.jbk.owp.test.DashboardPageTest.moveover_downloads_Bgcolor(DashboardPageTest.java:239)
... Removed 30 stack frames]]>
    </failure>
  </testcase> <!-- moveover_downloads_Bgcolor -->
  <testcase name="moveover_Logout_Bgcolor" time="0.179" classname="com.jbk.owp.test.DashboardPageTest"/>
  <testcase name="jbk_Main_Heading_Spell_check" time="0.051" classname="com.jbk.owp.test.DashboardPageTest"/>
  <testcase name="jbk_subHeading_link" time="0.028" classname="com.jbk.owp.test.DashboardPageTest"/>
  <testcase name="jbk_text_logo_isdisplayed" time="0.049" classname="com.jbk.owp.test.DashboardPageTest"/>
  <testcase name="user_img_isdisplayed" time="0.031" classname="com.jbk.owp.test.DashboardPageTest"/>
  <testcase name="dashboard_Main_Heading_Spell" time="0.017" classname="com.jbk.owp.test.DashboardPageTest"/>
  <testcase name="dashboard_Fotter_Spell" time="0.034" classname="com.jbk.owp.test.DashboardPageTest"/>
  <testcase name="pullright_Heading_spell" time="0.015" classname="com.jbk.owp.test.DashboardPageTest"/>
  <testcase name="selenium_Course_Spell" time="0.017" classname="com.jbk.owp.test.DashboardPageTest"/>
  <testcase name="automationtest_spell" time="0.018" classname="com.jbk.owp.test.DashboardPageTest"/>
  <testcase name="verifyUserLink" time="0.355" classname="com.jbk.owp.test.DashboardPageTest"/>
  <testcase name="verifyOperatorslink" time="0.247" classname="com.jbk.owp.test.DashboardPageTest"/>
  <testcase name="verifyUsefulLink" time="0.148" classname="com.jbk.owp.test.DashboardPageTest"/>
  <testcase name="verifyDownloadLink" time="0.45" classname="com.jbk.owp.test.DashboardPageTest"/>
  <testcase name="getTableData" time="22.423" classname="com.jbk.owp.test.UsersTest"/>
  <testcase name="VerifyDelete" time="2.484" classname="com.jbk.owp.test.UsersTest"/>
  <testcase name="Fill_Form" time="6.26" classname="com.jbk.owp.test.AddUserPageTest"/>
  <testcase name="VerifyCancel" time="5.485" classname="com.jbk.owp.test.AddUserPageTest"/>
  <testcase name="VerifyScheduleTab" time="11.374" classname="com.jbk.owp.test.UsefulLinksTest"/>
  <testcase name="VideoLacturesTab" time="10.531" classname="com.jbk.owp.test.UsefulLinksTest"/>
  <testcase name="SeleniumInterview" time="10.49" classname="com.jbk.owp.test.UsefulLinksTest"/>
  <testcase name="JavaInterview" time="0.169" classname="com.jbk.owp.test.UsefulLinksTest"/>
  <testcase name="CoursesTab" time="5.855" classname="com.jbk.owp.test.UsefulLinksTest"/>
  <testcase name="PlacemntTab" time="5.444" classname="com.jbk.owp.test.UsefulLinksTest"/>
</testsuite> <!-- test -->
