<?xml version="1.0" encoding="UTF-8"?>
<!-- Generated by org.testng.reporters.JUnitXMLReporter -->
<testsuite hostname="SUBHASHA-PC" ignored="0" name="JBK_OWP_Login_2" tests="11" failures="2" timestamp="30 Jan 2020 09:35:50 GMT" time="4.522" errors="0">
  <testcase name="verify_Current_Url" time="0.008" classname="com.jbk.owp.test.LoginPageTest"/>
  <testcase name="verifyApplicationTitle" time="0.01" classname="com.jbk.owp.test.LoginPageTest">
    <failure type="java.lang.AssertionError" message="expected:&amp;lt;JavaByKiran | Log in&amp;gt; but was:&amp;lt;JavaByKiran | Log &amp;gt;">
      <![CDATA[java.lang.AssertionError: expected:<JavaByKiran | Log in> but was:<JavaByKiran | Log >
at com.jbk.owp.test.LoginPageTest.verifyApplicationTitle(LoginPageTest.java:45)
... Removed 27 stack frames]]>
    </failure>
  </testcase> <!-- verifyApplicationTitle -->
  <testcase name="verifyTitle" time="0.02" classname="com.jbk.owp.test.LoginPageTest">
    <failure type="java.lang.AssertionError" message="expected:&amp;lt;Java By Kiran&amp;gt; but was:&amp;lt;Java By subhash&amp;gt;">
      <![CDATA[java.lang.AssertionError: expected:<Java By Kiran> but was:<Java By subhash>
at com.jbk.owp.test.LoginPageTest.verifyTitle(LoginPageTest.java:51)
... Removed 27 stack frames]]>
    </failure>
  </testcase> <!-- verifyTitle -->
  <testcase name="verifyloginsesion" time="0.02" classname="com.jbk.owp.test.LoginPageTest"/>
  <testcase name="verifyPlaceHolderUsername" time="0.032" classname="com.jbk.owp.test.LoginPageTest"/>
  <testcase name="verifyPlaceHolderPassword" time="0.02" classname="com.jbk.owp.test.LoginPageTest"/>
  <testcase name="verifyButtoncolor" time="0.163" classname="com.jbk.owp.test.LoginPageTest"/>
  <testcase name="verifyLinks" time="0.032" classname="com.jbk.owp.test.LoginPageTest"/>
  <testcase name="LoginTest" time="0.338" classname="com.jbk.owp.test.LoginPageTest"/>
  <testcase name="LoginTest" time="0.387" classname="com.jbk.owp.test.LoginPageTest"/>
  <testcase name="LoginTest" time="1.814" classname="com.jbk.owp.test.LoginPageTest"/>
</testsuite> <!-- JBK_OWP_Login_2 -->
