<?xml version="1.0" encoding="UTF-8"?>
<!-- Generated by org.testng.reporters.JUnitXMLReporter -->
<testsuite hostname="SUBHASHA-PC" ignored="0" name="TVS_AUTO_TESTS 2" tests="9" failures="2" timestamp="29 Jan 2020 11:00:09 GMT" time="3.195" errors="0">
  <testcase name="verify_Current_Url" time="0.015" classname="com.jbk.owp.test.LoginPageTest"/>
  <testcase name="verifyApplicationTitle" time="0.006" classname="com.jbk.owp.test.LoginPageTest">
    <failure type="java.lang.AssertionError" message="expected:&amp;lt;JavaByKiran | Log in&amp;gt; but was:&amp;lt;JavaByKiran | Log &amp;gt;">
      <![CDATA[java.lang.AssertionError: expected:<JavaByKiran | Log in> but was:<JavaByKiran | Log >
at com.jbk.owp.test.LoginPageTest.verifyApplicationTitle(LoginPageTest.java:45)
... Removed 27 stack frames]]>
    </failure>
  </testcase> <!-- verifyApplicationTitle -->
  <testcase name="verifyTitle" time="0.022" classname="com.jbk.owp.test.LoginPageTest">
    <failure type="java.lang.AssertionError" message="expected:&amp;lt;Java By Kiran&amp;gt; but was:&amp;lt;Java By subhash&amp;gt;">
      <![CDATA[java.lang.AssertionError: expected:<Java By Kiran> but was:<Java By subhash>
at com.jbk.owp.test.LoginPageTest.verifyTitle(LoginPageTest.java:51)
... Removed 27 stack frames]]>
    </failure>
  </testcase> <!-- verifyTitle -->
  <testcase name="verifyloginsesion" time="0.021" classname="com.jbk.owp.test.LoginPageTest"/>
  <testcase name="verifyPlaceHolderUsername" time="0.023" classname="com.jbk.owp.test.LoginPageTest"/>
  <testcase name="verifyPlaceHolderPassword" time="0.024" classname="com.jbk.owp.test.LoginPageTest"/>
  <testcase name="verifyButtoncolor" time="0.156" classname="com.jbk.owp.test.LoginPageTest"/>
  <testcase name="verifyLinks" time="0.042" classname="com.jbk.owp.test.LoginPageTest"/>
  <testcase name="LoginTest" time="1.562" classname="com.jbk.owp.test.LoginPageTest"/>
</testsuite> <!-- TVS_AUTO_TESTS 2 -->
